<?xml version="1.0" encoding="UTF-8"?>
<!-- Generated by org.testng.reporters.JUnitXMLReporter -->
<testsuite ignored="0" hostname="DESKTOP-K8D2E07" failures="0" tests="4" name="Default test" time="38.889" errors="0" timestamp="2026-01-30T11:11:36 IST">
  <testcase classname="org.test.B" name="tc31" time="15.595"/>
  <testcase classname="org.test.B" name="tc31" time="7.566"/>
  <testcase classname="org.test.B" name="tc31" time="8.298"/>
  <testcase classname="org.test.B" name="tc31" time="7.181"/>
</testsuite> <!-- Default test -->
