<?xml version="1.0" encoding="UTF-8"?>
<!-- Generated by org.testng.reporters.JUnitXMLReporter -->
<testsuite ignored="0" hostname="DESKTOP-K8D2E07" failures="0" tests="6" name="Test" time="36.033" errors="0" timestamp="2026-01-30T11:27:06 IST">
  <testcase classname="org.test.Z" name="tc42" time="14.03"/>
  <testcase classname="org.test.Z" name="tc41" time="14.127"/>
  <testcase classname="org.test.X" name="tc21" time="8.222"/>
  <testcase classname="org.test.X" name="tc22" time="9.666"/>
  <testcase classname="org.test.Y" name="tc31" time="7.949"/>
  <testcase classname="org.test.Y" name="tc32" time="12.067"/>
</testsuite> <!-- Test -->
