<?xml version="1.0" encoding="UTF-8"?>
<testng-results ignored="0" total="3" passed="3" failed="0" skipped="0">
  <reporter-output>
  </reporter-output>
  <suite started-at="2026-02-05T10:47:23 IST" name="Default suite" finished-at="2026-02-05T10:47:42 IST" duration-ms="18611">
    <groups>
    </groups>
    <test started-at="2026-02-05T10:47:23 IST" name="Default test" finished-at="2026-02-05T10:47:42 IST" duration-ms="18611">
      <class name="org.test.TestNGTask">
        <test-method is-config="true" signature="preCondition()[pri:0, instance:org.test.TestNGTask@70cf32e3]" started-at="2026-02-05T10:47:23 IST" name="preCondition" finished-at="2026-02-05T10:47:34 IST" duration-ms="11350" status="PASS">
          <reporter-output>
          </reporter-output>
        </test-method> <!-- preCondition -->
        <test-method is-config="true" signature="startTime()[pri:0, instance:org.test.TestNGTask@70cf32e3]" started-at="2026-02-05T10:47:35 IST" name="startTime" finished-at="2026-02-05T10:47:36 IST" duration-ms="1417" status="PASS">
          <reporter-output>
          </reporter-output>
        </test-method> <!-- startTime -->
        <test-method signature="tc2(java.lang.String,java.lang.String)[pri:0, instance:org.test.TestNGTask@70cf32e3]" started-at="2026-02-05T10:47:36 IST" name="tc2" data-provider="Data" finished-at="2026-02-05T10:47:39 IST" duration-ms="3083" status="PASS">
          <params>
            <param index="0">
              <value>
                <![CDATA[thiyaguadmin]]>
              </value>
            </param>
            <param index="1">
              <value>
                <![CDATA[Admin@123]]>
              </value>
            </param>
          </params>
          <reporter-output>
          </reporter-output>
        </test-method> <!-- tc2 -->
        <test-method is-config="true" signature="endTime()[pri:0, instance:org.test.TestNGTask@70cf32e3]" started-at="2026-02-05T10:47:39 IST" name="endTime" finished-at="2026-02-05T10:47:39 IST" duration-ms="2" status="PASS">
          <reporter-output>
          </reporter-output>
        </test-method> <!-- endTime -->
        <test-method is-config="true" signature="startTime()[pri:0, instance:org.test.TestNGTask@70cf32e3]" started-at="2026-02-05T10:47:39 IST" name="startTime" finished-at="2026-02-05T10:47:40 IST" duration-ms="542" status="PASS">
          <reporter-output>
          </reporter-output>
        </test-method> <!-- startTime -->
        <test-method signature="tc2(java.lang.String,java.lang.String)[pri:0, instance:org.test.TestNGTask@70cf32e3]" started-at="2026-02-05T10:47:40 IST" name="tc2" data-provider="Data" finished-at="2026-02-05T10:47:41 IST" duration-ms="908" status="PASS">
          <params>
            <param index="0">
              <value>
                <![CDATA[userthiyagu]]>
              </value>
            </param>
            <param index="1">
              <value>
                <![CDATA[pass@123]]>
              </value>
            </param>
          </params>
          <reporter-output>
          </reporter-output>
        </test-method> <!-- tc2 -->
        <test-method is-config="true" signature="endTime()[pri:0, instance:org.test.TestNGTask@70cf32e3]" started-at="2026-02-05T10:47:41 IST" name="endTime" finished-at="2026-02-05T10:47:41 IST" duration-ms="1" status="PASS">
          <reporter-output>
          </reporter-output>
        </test-method> <!-- endTime -->
        <test-method is-config="true" signature="startTime()[pri:0, instance:org.test.TestNGTask@70cf32e3]" started-at="2026-02-05T10:47:41 IST" name="startTime" finished-at="2026-02-05T10:47:41 IST" duration-ms="511" status="PASS">
          <reporter-output>
          </reporter-output>
        </test-method> <!-- startTime -->
        <test-method signature="tc2(java.lang.String,java.lang.String)[pri:0, instance:org.test.TestNGTask@70cf32e3]" started-at="2026-02-05T10:47:41 IST" name="tc2" data-provider="Data" finished-at="2026-02-05T10:47:41 IST" duration-ms="275" status="PASS">
          <params>
            <param index="0">
              <value>
                <![CDATA[]]>
              </value>
            </param>
            <param index="1">
              <value>
                <![CDATA[]]>
              </value>
            </param>
          </params>
          <reporter-output>
          </reporter-output>
        </test-method> <!-- tc2 -->
        <test-method is-config="true" signature="endTime()[pri:0, instance:org.test.TestNGTask@70cf32e3]" started-at="2026-02-05T10:47:41 IST" name="endTime" finished-at="2026-02-05T10:47:41 IST" duration-ms="1" status="PASS">
          <reporter-output>
          </reporter-output>
        </test-method> <!-- endTime -->
        <test-method is-config="true" signature="postcondition()[pri:0, instance:org.test.TestNGTask@70cf32e3]" started-at="2026-02-05T10:47:41 IST" name="postcondition" finished-at="2026-02-05T10:47:42 IST" duration-ms="373" status="PASS">
          <reporter-output>
          </reporter-output>
        </test-method> <!-- postcondition -->
      </class> <!-- org.test.TestNGTask -->
    </test> <!-- Default test -->
  </suite> <!-- Default suite -->
</testng-results>
