<?xml version="1.0" encoding="UTF-8"?>
<!-- Generated by org.testng.reporters.JUnitReportReporter -->
<testsuite hostname="DESKTOP-K8D2E07" failures="0" tests="3" name="org.test.TestNGTask" time="6.740" errors="0" timestamp="2026-02-05T10:47:42 IST" skipped="0">
  <testcase classname="org.test.TestNGTask" name="tc2" time="3.627"/>
  <testcase classname="org.test.TestNGTask" name="tc2" time="2.326"/>
  <testcase classname="org.test.TestNGTask" name="tc2" time="0.787"/>
</testsuite> <!-- org.test.TestNGTask -->
