<?xml version="1.0" encoding="UTF-8"?>
<!-- Generated by org.testng.reporters.JUnitReportReporter -->
<testsuite hostname="DESKTOP-K8D2E07" failures="0" tests="4" name="org.test.B" time="38.640" errors="0" timestamp="2026-01-30T11:11:37 IST" skipped="0">
  <testcase classname="org.test.B" name="tc31" time="8.298"/>
  <testcase classname="org.test.B" name="tc31" time="15.595"/>
  <testcase classname="org.test.B" name="tc31" time="7.566"/>
  <testcase classname="org.test.B" name="tc31" time="7.181"/>
</testsuite> <!-- org.test.B -->
