<?xml version="1.0" encoding="UTF-8"?>
<!-- Generated by org.testng.reporters.JUnitReportReporter -->
<testsuite hostname="DESKTOP-K8D2E07" failures="0" tests="4" name="org.test.TestNGTask" time="7.684" errors="0" timestamp="2026-01-30T10:53:57 IST" skipped="0">
  <testcase classname="org.test.TestNGTask" name="tc2" time="2.835"/>
  <testcase classname="org.test.TestNGTask" name="tc2" time="1.156"/>
  <testcase classname="org.test.TestNGTask" name="tc2" time="1.308"/>
  <testcase classname="org.test.TestNGTask" name="tc2" time="2.385"/>
</testsuite> <!-- org.test.TestNGTask -->
